<?xml version="1.0" encoding="UTF-8"?>
<!-- Generated by org.testng.reporters.JUnitXMLReporter -->
<testsuite ignored="0" hostname="DESKTOP-7AVFUFP" failures="0" tests="2" name="Error Validations Test" time="6.821" errors="0" timestamp="2024-07-01T14:08:28 IST">
  <testcase classname="org.hbox.Android.eCommerce_tc_2" name="FiilFrom_ErrorValidation" time="0.0">
    <skipped/>
  </testcase> <!-- FiilFrom_ErrorValidation -->
  <testcase classname="org.hbox.Android.eCommerce_tc_2" name="FiilFrom_PositiveFlow" time="0.0">
    <skipped/>
  </testcase> <!-- FiilFrom_PositiveFlow -->
</testsuite> <!-- Error Validations Test -->
